<?xml version="1.0" encoding="UTF-8"?>
<testsuite xmlns:xsi="http://www.w3.org/2001/XMLSchema-instance" xsi:noNamespaceSchemaLocation="https://maven.apache.org/surefire/maven-failsafe-plugin/xsd/failsafe-test-report-3.0.xsd" version="3.0" name="open an browser" time="11.497" tests="1" errors="0" skipped="0" failures="0">
  <properties>
[...]
</properties>
  <testcase name="open an browser" classname="open an browser" time="11.497">
    <system-out><![CDATA[16:32:34.566 [main] INFO  i.c.core.plugin.SerenityReporter - Running feature from file:///Users/naveenrajk/Documents/serenity-chromeextension/src/test/resources/features/Sample.feature

16:32:34.789 [main] INFO   - 

-------------------------------------------------------------------------------------
     _______. _______ .______       _______ .__   __.  __  .___________.____    ____ 
    /       ||   ____||   _  \     |   ____||  \ |  | |  | |           |\   \  /   / 
   |   (----`|  |__   |  |_)  |    |  |__   |   \|  | |  | `---|  |----` \   \/   /  
    \   \    |   __|  |      /     |   __|  |  . `  | |  |     |  |       \_    _/   
.----)   |   |  |____ |  |\  \----.|  |____ |  |\   | |  |     |  |         |  |     
|_______/    |_______|| _| `._____||_______||__| \__| |__|     |__|         |__|    
                                                                                     
 News and tutorials at http://www.serenity-bdd.info                                  
 Documentation at https://wakaleo.gitbooks.io/the-serenity-book/content/             
 Join the Serenity Community on Gitter: https://gitter.im/serenity-bdd/serenity-core 
 Serenity BDD Support and Training at http://serenity-bdd.info/#/trainingandsupport  
-------------------------------------------------------------------------------------


16:32:34.797 [main] INFO   - Test Suite Started: open an browser



1
 Scenarios (
&amp#27;[32m1 passed&amp#27;[0m
)


1
 Steps (
&amp#27;[32m1 passed&amp#27;[0m
)


0m
11.752s







Scenario: open an browser &amp#27;[90m# src/test/resources/features/Sample.feature:3&amp#27;[0m
16:32:34.933 [pool-2-thread-1] INFO  i.c.core.plugin.SerenityReporter - Running feature from file:///Users/naveenrajk/Documents/serenity-chromeextension/src/test/resources/features/Sample.feature
16:32:34.997 [pool-2-thread-1] INFO   - 
 _____ _____ ____ _____   ____ _____  _    ____ _____ _____ ____  
|_   _| ____/ ___|_   _| / ___|_   _|/ \  |  _ \_   _| ____|  _ \ 
  | | |  _| \___ \ | |   \___ \ | | / _ \ | |_) || | |  _| | | | |
  | | | |___ ___) || |    ___) || |/ ___ \|  _ < | | | |___| |_| |
  |_| |_____|____/ |_|   |____/ |_/_/   \_\_| \_\|_| |_____|____/ 

open an browser(open-an-browser;open-an-browser)
-------------------------------------------------------------------
16:32:35.621 [pool-2-thread-1] INFO  n.s.c.w.d.ChromeDriverProvider - Not using automatically driver download
16:32:36.653 [pool-2-thread-1] INFO  n.s.c.w.d.ProvideNewDriver - Instantiating driver
16:32:36.656 [pool-2-thread-1] INFO  n.s.c.w.d.ProvideNewDriver - Driver capabilities: Capabilities {acceptInsecureCerts: false, browserName: chrome, chrome.switches: --start-maximized;--test-ty..., goog:chromeOptions: {args: [--start-maximized, --test-type, --no-sandbox, --ignore-certificate-errors;\n, --disable-popup-blocking, --disable-default-apps;\n\n, --window-size=1024,768, --disable-infobars, --disable-gpu], extensions: [Q3IyNAMAAAAdBQAAEqwECqYCMII...]}, loggingPrefs: org.openqa.selenium.logging...}
  &amp#27;[32mGiven &amp#27;[0m&amp#27;[32mopen browser&amp#27;[0m      &amp#27;[90m# saka.stepDefinitions.browserStepDefinitions.openBrowser()&amp#27;[0m
16:32:46.307 [pool-2-thread-1] INFO   - 
        __    _____ _____ ____ _____   ____   _    ____  ____  _____ ____  
  _     \ \  |_   _| ____/ ___|_   _| |  _ \ / \  / ___|/ ___|| ____|  _ \ 
 (_)_____| |   | | |  _| \___ \ | |   | |_) / _ \ \___ \\___ \|  _| | | | |
  _|_____| |   | | | |___ ___) || |   |  __/ ___ \ ___) |___) | |___| |_| |
 (_)     | |   |_| |_____|____/ |_|   |_| /_/   \_\____/|____/|_____|____/ 
        /_/                                                                

open an browser
----------------------------------------------------------------------------
]]></system-out>
    <system-err><![CDATA[Starting ChromeDriver 86.0.4240.22 (398b0743353ff36fb1b82468f63a3a93b4e2e89e-refs/branch-heads/4240@{#378}) on port 22189
Only local connections are allowed.
Please see https://chromedriver.chromium.org/security-considerations for suggestions on keeping ChromeDriver safe.
[1608030156.932][WARNING]: FromSockAddr failed on netmask
ChromeDriver was started successfully.
[1608030158.868][WARNING]: This version of ChromeDriver has not been tested with Chrome version 87.
Dec 15, 2020 4:32:39 PM org.openqa.selenium.remote.ProtocolHandshake createSession
INFO: Detected dialect: W3C
]]></system-err>
  </testcase>
</testsuite>